2025-09-16 10:04:48,110 [INFO] auth User login: username=carol
2025-09-16 10:04:48,471 [INFO] auth New user registered: username=alice
2025-09-16 10:04:48,754 [INFO] auth User login: username=<script>alert('x')</script>
2025-09-16 10:04:49,279 [INFO] auth User login: username=bob
2025-09-16 10:04:49,728 [INFO] auth [RGPD] Export demandé par user_id=1
2025-09-16 10:04:49,733 [INFO] auth [RGPD] Export demandé par user_id=1
2025-09-16 10:04:49,738 [INFO] auth [RGPD] Export demandé par user_id=1
2025-09-16 10:04:49,744 [INFO] auth [RGPD] Export demandé par user_id=1
2025-09-16 10:04:49,749 [INFO] auth [RGPD] Export demandé par user_id=1
2025-09-16 10:04:49,754 [INFO] auth [RGPD] Export demandé par user_id=1
2025-09-16 10:04:49,760 [INFO] auth [RGPD] Export demandé par user_id=1
2025-09-16 10:04:49,765 [INFO] auth [RGPD] Export demandé par user_id=1
2025-09-16 10:04:49,771 [INFO] auth [RGPD] Export demandé par user_id=1
2025-09-16 10:04:49,777 [INFO] auth [RGPD] Export demandé par user_id=1
2025-09-16 10:06:08,009 [INFO] auth User login: username=carol
2025-09-16 10:06:08,361 [INFO] auth New user registered: username=alice
2025-09-16 10:06:08,646 [INFO] auth User login: username=<script>alert('x')</script>
2025-09-16 10:06:09,164 [INFO] auth User login: username=bob
2025-09-16 10:06:09,644 [INFO] auth [RGPD] Export demandé par user_id=1
2025-09-16 10:06:09,651 [INFO] auth [RGPD] Export demandé par user_id=1
2025-09-16 10:06:09,656 [INFO] auth [RGPD] Export demandé par user_id=1
2025-09-16 10:06:09,661 [INFO] auth [RGPD] Export demandé par user_id=1
2025-09-16 10:06:09,669 [INFO] auth [RGPD] Export demandé par user_id=1
2025-09-16 10:06:09,673 [INFO] auth [RGPD] Export demandé par user_id=1
2025-09-16 10:06:09,679 [INFO] auth [RGPD] Export demandé par user_id=1
2025-09-16 10:06:09,686 [INFO] auth [RGPD] Export demandé par user_id=1
2025-09-16 10:06:09,691 [INFO] auth [RGPD] Export demandé par user_id=1
2025-09-16 10:06:09,697 [INFO] auth [RGPD] Export demandé par user_id=1
2025-09-16 10:06:42,645 [INFO] auth User login: username=carol
2025-09-16 10:06:42,989 [INFO] auth New user registered: username=alice
2025-09-16 10:06:43,279 [INFO] auth User login: username=<script>alert('x')</script>
2025-09-16 10:06:43,793 [INFO] auth User login: username=bob
2025-09-16 10:06:44,244 [INFO] auth [RGPD] Export demandé par user_id=1
2025-09-16 10:06:44,249 [INFO] auth [RGPD] Export demandé par user_id=1
2025-09-16 10:06:44,254 [INFO] auth [RGPD] Export demandé par user_id=1
2025-09-16 10:06:44,260 [INFO] auth [RGPD] Export demandé par user_id=1
2025-09-16 10:06:44,264 [INFO] auth [RGPD] Export demandé par user_id=1
2025-09-16 10:06:44,270 [INFO] auth [RGPD] Export demandé par user_id=1
2025-09-16 10:06:44,276 [INFO] auth [RGPD] Export demandé par user_id=1
2025-09-16 10:06:44,280 [INFO] auth [RGPD] Export demandé par user_id=1
2025-09-16 10:06:44,285 [INFO] auth [RGPD] Export demandé par user_id=1
2025-09-16 10:06:44,292 [INFO] auth [RGPD] Export demandé par user_id=1
2025-09-16 10:06:50,583 [INFO] auth [RGPD] Export demandé par user_id=1
2025-09-16 10:07:14,180 [INFO] auth User login: username=carol
2025-09-16 10:07:14,522 [INFO] auth New user registered: username=alice
2025-09-16 10:07:14,809 [INFO] auth User login: username=<script>alert('x')</script>
2025-09-16 10:07:15,370 [INFO] auth User login: username=bob
2025-09-16 10:07:15,806 [INFO] auth [RGPD] Export demandé par user_id=1
2025-09-16 10:07:15,810 [INFO] auth [RGPD] Export demandé par user_id=1
2025-09-16 10:07:15,817 [INFO] auth [RGPD] Export demandé par user_id=1
2025-09-16 10:07:15,822 [INFO] auth [RGPD] Export demandé par user_id=1
2025-09-16 10:07:15,827 [INFO] auth [RGPD] Export demandé par user_id=1
2025-09-16 10:07:15,834 [INFO] auth [RGPD] Export demandé par user_id=1
2025-09-16 10:07:15,839 [INFO] auth [RGPD] Export demandé par user_id=1
2025-09-16 10:07:15,844 [INFO] auth [RGPD] Export demandé par user_id=1
2025-09-16 10:07:15,851 [INFO] auth [RGPD] Export demandé par user_id=1
2025-09-16 10:07:15,856 [INFO] auth [RGPD] Export demandé par user_id=1
2025-09-16 10:07:22,161 [INFO] auth [RGPD] Export demandé par user_id=1
2025-09-16 10:07:22,173 [INFO] auth [RGPD] Suppression logique du compte user_id=1
